[0m04:25:05.403509 [debug] [MainThread]: Sending event: {'category': 'dbt', 'action': 'invocation', 'label': 'start', 'context': [<snowplow_tracker.self_describing_json.SelfDescribingJson object at 0x74b42874c4d0>, <snowplow_tracker.self_describing_json.SelfDescribingJson object at 0x74b4293a15b0>, <snowplow_tracker.self_describing_json.SelfDescribingJson object at 0x74b428eb8140>]}


============================== 04:25:05.462232 | e778f300-8315-4bbf-971f-820780ad11f1 ==============================
[0m04:25:05.462232 [info ] [MainThread]: Running with dbt=1.11.7
[0m04:25:05.486463 [debug] [MainThread]: running dbt with arguments {'static_parser': 'True', 'printer_width': '80', 'target_path': 'None', 'empty': 'None', 'invocation_command': 'dbt ', 'version_check': 'True', 'debug': 'False', 'partial_parse': 'True', 'log_format': 'default', 'quiet': 'False', 'fail_fast': 'False', 'introspect': 'True', 'indirect_selection': 'eager', 'log_path': '/workspaces/Dagster-workshop/project-dagster-university/dagster_university/ai_driven_data_engineering/dbt_project/logs', 'log_cache_events': 'False', 'use_colors': 'True', 'write_json': 'True', 'profiles_dir': '/workspaces/Dagster-workshop/project-dagster-university/dagster_university/ai_driven_data_engineering/dbt_project', 'send_anonymous_usage_stats': 'True', 'no_print': 'None', 'warn_error_options': 'WarnErrorOptionsV2(error=[], warn=[], silence=[])', 'use_experimental_parser': 'False', 'cache_selected_only': 'False', 'warn_error': 'None'}
[0m04:25:07.365756 [debug] [MainThread]: Sending event: {'category': 'dbt', 'action': 'project_id', 'label': 'e778f300-8315-4bbf-971f-820780ad11f1', 'context': [<snowplow_tracker.self_describing_json.SelfDescribingJson object at 0x74b42ab885f0>]}
[0m04:25:07.560900 [info ] [MainThread]: Warning: No packages were found in packages.yml
[0m04:25:07.571376 [info ] [MainThread]: Warning: No packages were found in packages.yml
[0m04:25:07.590733 [debug] [MainThread]: Resource report: {"command_name": "deps", "command_success": true, "command_wall_clock_time": 3.376261, "process_in_blocks": "16", "process_kernel_time": 0.298709, "process_mem_max_rss": "121044", "process_out_blocks": "16", "process_user_time": 4.666735}
[0m04:25:07.599293 [debug] [MainThread]: Command `cli deps` succeeded at 04:25:07.599119 after 3.39 seconds
[0m04:25:07.602247 [debug] [MainThread]: Sending event: {'category': 'dbt', 'action': 'invocation', 'label': 'end', 'context': [<snowplow_tracker.self_describing_json.SelfDescribingJson object at 0x74b427f41820>, <snowplow_tracker.self_describing_json.SelfDescribingJson object at 0x74b427d7aba0>, <snowplow_tracker.self_describing_json.SelfDescribingJson object at 0x74b4281dd190>]}
[0m04:25:07.604746 [debug] [MainThread]: Flushing usage events
[0m04:25:08.154832 [debug] [MainThread]: An error was encountered while trying to flush usage events
[0m06:51:01.815926 [debug] [MainThread]: Sending event: {'category': 'dbt', 'action': 'invocation', 'label': 'start', 'context': [<snowplow_tracker.self_describing_json.SelfDescribingJson object at 0x7b406873cce0>, <snowplow_tracker.self_describing_json.SelfDescribingJson object at 0x7b4066cd47a0>, <snowplow_tracker.self_describing_json.SelfDescribingJson object at 0x7b4066b848c0>]}


============================== 06:51:01.851422 | 9318264c-6b2e-45e5-bf74-46d07a377802 ==============================
[0m06:51:01.851422 [info ] [MainThread]: Running with dbt=1.11.7
[0m06:51:01.874539 [debug] [MainThread]: running dbt with arguments {'use_experimental_parser': 'False', 'send_anonymous_usage_stats': 'True', 'use_colors': 'True', 'partial_parse': 'True', 'version_check': 'True', 'no_print': 'None', 'warn_error': 'None', 'quiet': 'False', 'debug': 'False', 'static_parser': 'True', 'log_cache_events': 'False', 'invocation_command': 'dbt ', 'indirect_selection': 'eager', 'fail_fast': 'False', 'write_json': 'True', 'empty': 'None', 'log_format': 'default', 'cache_selected_only': 'False', 'warn_error_options': 'WarnErrorOptionsV2(error=[], warn=[], silence=[])', 'log_path': '/workspaces/Dagster-workshop/project-dagster-university/dagster_university/ai_driven_data_engineering/dbt_project/logs', 'profiles_dir': '/workspaces/Dagster-workshop/project-dagster-university/dagster_university/ai_driven_data_engineering/dbt_project', 'introspect': 'True', 'printer_width': '80', 'target_path': 'None'}
[0m06:51:04.217824 [debug] [MainThread]: Sending event: {'category': 'dbt', 'action': 'project_id', 'label': '9318264c-6b2e-45e5-bf74-46d07a377802', 'context': [<snowplow_tracker.self_describing_json.SelfDescribingJson object at 0x7b4068f87e30>]}
[0m06:51:04.368198 [info ] [MainThread]: Warning: No packages were found in packages.yml
[0m06:51:04.375431 [info ] [MainThread]: Warning: No packages were found in packages.yml
[0m06:51:04.395752 [debug] [MainThread]: Resource report: {"command_name": "deps", "command_success": true, "command_wall_clock_time": 3.1160612, "process_in_blocks": "24", "process_kernel_time": 0.306929, "process_mem_max_rss": "120864", "process_out_blocks": "16", "process_user_time": 4.927177}
[0m06:51:04.410193 [debug] [MainThread]: Command `cli deps` succeeded at 06:51:04.409972 after 3.13 seconds
[0m06:51:04.417246 [debug] [MainThread]: Sending event: {'category': 'dbt', 'action': 'invocation', 'label': 'end', 'context': [<snowplow_tracker.self_describing_json.SelfDescribingJson object at 0x7b40677b7980>, <snowplow_tracker.self_describing_json.SelfDescribingJson object at 0x7b4067205610>, <snowplow_tracker.self_describing_json.SelfDescribingJson object at 0x7b40666f5730>]}
[0m06:51:04.428232 [debug] [MainThread]: Flushing usage events
[0m06:51:05.153271 [debug] [MainThread]: An error was encountered while trying to flush usage events
[0m08:13:47.475831 [debug] [MainThread]: Sending event: {'category': 'dbt', 'action': 'invocation', 'label': 'start', 'context': [<snowplow_tracker.self_describing_json.SelfDescribingJson object at 0x7a20012365a0>, <snowplow_tracker.self_describing_json.SelfDescribingJson object at 0x7a20015af530>, <snowplow_tracker.self_describing_json.SelfDescribingJson object at 0x7a200125ad20>]}


============================== 08:13:47.556809 | 146f4f45-6ecd-4244-9d06-87f30dc6b0bc ==============================
[0m08:13:47.556809 [info ] [MainThread]: Running with dbt=1.11.7
[0m08:13:47.571539 [debug] [MainThread]: running dbt with arguments {'version_check': 'True', 'invocation_command': 'dbt ', 'no_print': 'None', 'partial_parse': 'True', 'indirect_selection': 'eager', 'warn_error': 'None', 'use_experimental_parser': 'False', 'write_json': 'True', 'send_anonymous_usage_stats': 'True', 'warn_error_options': 'WarnErrorOptionsV2(error=[], warn=[], silence=[])', 'introspect': 'True', 'log_path': '/workspaces/Dagster-workshop/project-dagster-university/dagster_university/ai_driven_data_engineering/dbt_project/logs', 'quiet': 'False', 'log_format': 'default', 'empty': 'None', 'debug': 'False', 'use_colors': 'True', 'fail_fast': 'False', 'cache_selected_only': 'False', 'static_parser': 'True', 'profiles_dir': '/workspaces/Dagster-workshop/project-dagster-university/dagster_university/ai_driven_data_engineering/dbt_project', 'target_path': 'None', 'log_cache_events': 'False', 'printer_width': '80'}
[0m08:13:49.928500 [debug] [MainThread]: Sending event: {'category': 'dbt', 'action': 'project_id', 'label': '146f4f45-6ecd-4244-9d06-87f30dc6b0bc', 'context': [<snowplow_tracker.self_describing_json.SelfDescribingJson object at 0x7a200327cec0>]}
[0m08:13:50.315814 [info ] [MainThread]: Warning: No packages were found in packages.yml
[0m08:13:50.340736 [info ] [MainThread]: Warning: No packages were found in packages.yml
[0m08:13:50.360683 [debug] [MainThread]: Resource report: {"command_name": "deps", "command_success": true, "command_wall_clock_time": 3.4773343, "process_in_blocks": "8", "process_kernel_time": 0.294274, "process_mem_max_rss": "120632", "process_out_blocks": "8", "process_user_time": 4.867872}
[0m08:13:50.372767 [debug] [MainThread]: Command `cli deps` succeeded at 08:13:50.372570 after 3.49 seconds
[0m08:13:50.377471 [debug] [MainThread]: Sending event: {'category': 'dbt', 'action': 'invocation', 'label': 'end', 'context': [<snowplow_tracker.self_describing_json.SelfDescribingJson object at 0x7a200068ab40>, <snowplow_tracker.self_describing_json.SelfDescribingJson object at 0x7a200125ad20>, <snowplow_tracker.self_describing_json.SelfDescribingJson object at 0x7a20005a3110>]}
[0m08:13:50.393442 [debug] [MainThread]: Flushing usage events
[0m08:13:51.246170 [debug] [MainThread]: An error was encountered while trying to flush usage events
[0m10:22:45.224620 [debug] [MainThread]: Sending event: {'category': 'dbt', 'action': 'invocation', 'label': 'start', 'context': [<snowplow_tracker.self_describing_json.SelfDescribingJson object at 0x7bf3c3911490>, <snowplow_tracker.self_describing_json.SelfDescribingJson object at 0x7bf3c2f167e0>, <snowplow_tracker.self_describing_json.SelfDescribingJson object at 0x7bf3c32e6ea0>]}


============================== 10:22:45.303031 | dea7e5c1-e1c0-4d8c-81ab-12b7a7335382 ==============================
[0m10:22:45.303031 [info ] [MainThread]: Running with dbt=1.11.7
[0m10:22:45.307376 [debug] [MainThread]: running dbt with arguments {'log_format': 'default', 'no_print': 'None', 'version_check': 'True', 'target_path': 'None', 'printer_width': '80', 'use_experimental_parser': 'False', 'introspect': 'True', 'write_json': 'True', 'send_anonymous_usage_stats': 'True', 'use_colors': 'True', 'invocation_command': 'dbt ', 'log_cache_events': 'False', 'partial_parse': 'True', 'empty': 'None', 'indirect_selection': 'eager', 'debug': 'False', 'quiet': 'False', 'fail_fast': 'False', 'warn_error_options': 'WarnErrorOptionsV2(error=[], warn=[], silence=[])', 'profiles_dir': '/workspaces/Dagster-workshop/project-dagster-university/dagster_university/ai_driven_data_engineering/dbt_project', 'warn_error': 'None', 'cache_selected_only': 'False', 'log_path': '/workspaces/Dagster-workshop/project-dagster-university/dagster_university/ai_driven_data_engineering/dbt_project/logs', 'static_parser': 'True'}
[0m10:22:47.140685 [debug] [MainThread]: Sending event: {'category': 'dbt', 'action': 'project_id', 'label': 'dea7e5c1-e1c0-4d8c-81ab-12b7a7335382', 'context': [<snowplow_tracker.self_describing_json.SelfDescribingJson object at 0x7bf3c2856f90>]}
[0m10:22:47.242982 [info ] [MainThread]: Warning: No packages were found in packages.yml
[0m10:22:47.254441 [info ] [MainThread]: Warning: No packages were found in packages.yml
[0m10:22:47.267284 [debug] [MainThread]: Resource report: {"command_name": "deps", "command_success": true, "command_wall_clock_time": 2.8812919, "process_in_blocks": "16", "process_kernel_time": 0.263498, "process_mem_max_rss": "120952", "process_out_blocks": "8", "process_user_time": 4.949608}
[0m10:22:47.268341 [debug] [MainThread]: Command `cli deps` succeeded at 10:22:47.268148 after 2.88 seconds
[0m10:22:47.278937 [debug] [MainThread]: Sending event: {'category': 'dbt', 'action': 'invocation', 'label': 'end', 'context': [<snowplow_tracker.self_describing_json.SelfDescribingJson object at 0x7bf3c2bc6d20>, <snowplow_tracker.self_describing_json.SelfDescribingJson object at 0x7bf3c3125dc0>, <snowplow_tracker.self_describing_json.SelfDescribingJson object at 0x7bf3c2a95c40>]}
[0m10:22:47.280103 [debug] [MainThread]: Flushing usage events
[0m10:22:47.868739 [debug] [MainThread]: An error was encountered while trying to flush usage events
[0m12:32:59.372230 [debug] [MainThread]: Sending event: {'category': 'dbt', 'action': 'invocation', 'label': 'start', 'context': [<snowplow_tracker.self_describing_json.SelfDescribingJson object at 0x70ff11ccb770>, <snowplow_tracker.self_describing_json.SelfDescribingJson object at 0x70ff0f982570>, <snowplow_tracker.self_describing_json.SelfDescribingJson object at 0x70ff0fdc7620>]}


============================== 12:32:59.446414 | 6a80ba20-79e2-450e-9e06-ebfaa4e84a4b ==============================
[0m12:32:59.446414 [info ] [MainThread]: Running with dbt=1.11.7
[0m12:32:59.460666 [debug] [MainThread]: running dbt with arguments {'partial_parse': 'True', 'indirect_selection': 'eager', 'target_path': 'None', 'write_json': 'True', 'profiles_dir': '/workspaces/Dagster-workshop/project-dagster-university/dagster_university/ai_driven_data_engineering/dbt_project', 'warn_error': 'None', 'log_format': 'default', 'warn_error_options': 'WarnErrorOptionsV2(error=[], warn=[], silence=[])', 'static_parser': 'True', 'introspect': 'True', 'log_path': '/workspaces/Dagster-workshop/project-dagster-university/dagster_university/ai_driven_data_engineering/dbt_project/logs', 'send_anonymous_usage_stats': 'True', 'version_check': 'True', 'no_print': 'None', 'fail_fast': 'False', 'use_experimental_parser': 'False', 'debug': 'False', 'invocation_command': 'dbt ', 'use_colors': 'True', 'cache_selected_only': 'False', 'quiet': 'False', 'printer_width': '80', 'empty': 'None', 'log_cache_events': 'False'}
[0m12:33:00.852781 [debug] [MainThread]: Sending event: {'category': 'dbt', 'action': 'project_id', 'label': '6a80ba20-79e2-450e-9e06-ebfaa4e84a4b', 'context': [<snowplow_tracker.self_describing_json.SelfDescribingJson object at 0x70ff0f0d59a0>]}
[0m12:33:00.941044 [info ] [MainThread]: Warning: No packages were found in packages.yml
[0m12:33:00.952469 [info ] [MainThread]: Warning: No packages were found in packages.yml
[0m12:33:00.958345 [debug] [MainThread]: Resource report: {"command_name": "deps", "command_success": true, "command_wall_clock_time": 2.3359401, "process_in_blocks": "8", "process_kernel_time": 0.296077, "process_mem_max_rss": "120912", "process_out_blocks": "16", "process_user_time": 4.756715}
[0m12:33:00.959348 [debug] [MainThread]: Command `cli deps` succeeded at 12:33:00.959176 after 2.34 seconds
[0m12:33:00.963635 [debug] [MainThread]: Sending event: {'category': 'dbt', 'action': 'invocation', 'label': 'end', 'context': [<snowplow_tracker.self_describing_json.SelfDescribingJson object at 0x70ff0fca8c80>, <snowplow_tracker.self_describing_json.SelfDescribingJson object at 0x70ff0ecd3320>, <snowplow_tracker.self_describing_json.SelfDescribingJson object at 0x70ff0eb5f830>]}
[0m12:33:00.964485 [debug] [MainThread]: Flushing usage events
[0m12:33:01.521320 [debug] [MainThread]: An error was encountered while trying to flush usage events
[0m14:47:08.122315 [debug] [MainThread]: Sending event: {'category': 'dbt', 'action': 'invocation', 'label': 'start', 'context': [<snowplow_tracker.self_describing_json.SelfDescribingJson object at 0x7a25e23c0890>, <snowplow_tracker.self_describing_json.SelfDescribingJson object at 0x7a25e1f23290>, <snowplow_tracker.self_describing_json.SelfDescribingJson object at 0x7a25e393ee40>]}


============================== 14:47:08.198756 | a585bfce-7877-4a7c-bf3f-c08b65fa5b34 ==============================
[0m14:47:08.198756 [info ] [MainThread]: Running with dbt=1.11.7
[0m14:47:08.218364 [debug] [MainThread]: running dbt with arguments {'log_path': '/workspaces/Dagster-workshop/project-dagster-university/dagster_university/ai_driven_data_engineering/dbt_project/logs', 'quiet': 'False', 'no_print': 'None', 'target_path': 'None', 'cache_selected_only': 'False', 'partial_parse': 'True', 'empty': 'None', 'send_anonymous_usage_stats': 'True', 'printer_width': '80', 'fail_fast': 'False', 'warn_error': 'None', 'log_format': 'default', 'log_cache_events': 'False', 'write_json': 'True', 'use_experimental_parser': 'False', 'profiles_dir': '/workspaces/Dagster-workshop/project-dagster-university/dagster_university/ai_driven_data_engineering/dbt_project', 'introspect': 'True', 'version_check': 'True', 'use_colors': 'True', 'static_parser': 'True', 'invocation_command': 'dbt ', 'warn_error_options': 'WarnErrorOptionsV2(error=[], warn=[], silence=[])', 'indirect_selection': 'eager', 'debug': 'False'}
[0m14:47:10.180142 [debug] [MainThread]: Sending event: {'category': 'dbt', 'action': 'project_id', 'label': 'a585bfce-7877-4a7c-bf3f-c08b65fa5b34', 'context': [<snowplow_tracker.self_describing_json.SelfDescribingJson object at 0x7a25e1493b90>]}
[0m14:47:10.373873 [info ] [MainThread]: Warning: No packages were found in packages.yml
[0m14:47:10.382299 [info ] [MainThread]: Warning: No packages were found in packages.yml
[0m14:47:10.388407 [debug] [MainThread]: Resource report: {"command_name": "deps", "command_success": true, "command_wall_clock_time": 2.9607024, "process_in_blocks": "8", "process_kernel_time": 0.283617, "process_mem_max_rss": "121056", "process_out_blocks": "16", "process_user_time": 4.784844}
[0m14:47:10.398605 [debug] [MainThread]: Command `cli deps` succeeded at 14:47:10.392610 after 2.97 seconds
[0m14:47:10.399601 [debug] [MainThread]: Sending event: {'category': 'dbt', 'action': 'invocation', 'label': 'end', 'context': [<snowplow_tracker.self_describing_json.SelfDescribingJson object at 0x7a25e1e538c0>, <snowplow_tracker.self_describing_json.SelfDescribingJson object at 0x7a25e15ff020>, <snowplow_tracker.self_describing_json.SelfDescribingJson object at 0x7a25e1777410>]}
[0m14:47:10.408718 [debug] [MainThread]: Flushing usage events
[0m14:47:11.220691 [debug] [MainThread]: An error was encountered while trying to flush usage events
[0m05:26:38.324455 [debug] [MainThread]: Sending event: {'category': 'dbt', 'action': 'invocation', 'label': 'start', 'context': [<snowplow_tracker.self_describing_json.SelfDescribingJson object at 0x7a6b5e516300>, <snowplow_tracker.self_describing_json.SelfDescribingJson object at 0x7a6b605f5c70>, <snowplow_tracker.self_describing_json.SelfDescribingJson object at 0x7a6b5e517290>]}


============================== 05:26:38.367620 | cc50dda1-f957-4eaa-af52-7c56c26f8853 ==============================
[0m05:26:38.367620 [info ] [MainThread]: Running with dbt=1.11.7
[0m05:26:38.374904 [debug] [MainThread]: running dbt with arguments {'partial_parse': 'True', 'version_check': 'True', 'fail_fast': 'False', 'target_path': 'None', 'no_print': 'None', 'static_parser': 'True', 'introspect': 'True', 'quiet': 'False', 'warn_error': 'None', 'log_path': '/workspaces/Dagster-workshop/project-dagster-university/dagster_university/ai_driven_data_engineering/dbt_project/logs', 'write_json': 'True', 'log_format': 'default', 'profiles_dir': '/workspaces/Dagster-workshop/project-dagster-university/dagster_university/ai_driven_data_engineering/dbt_project', 'warn_error_options': 'WarnErrorOptionsV2(error=[], warn=[], silence=[])', 'invocation_command': 'dbt ', 'cache_selected_only': 'False', 'empty': 'None', 'log_cache_events': 'False', 'printer_width': '80', 'debug': 'False', 'use_colors': 'True', 'send_anonymous_usage_stats': 'True', 'use_experimental_parser': 'False', 'indirect_selection': 'eager'}
[0m05:26:39.561931 [debug] [MainThread]: Sending event: {'category': 'dbt', 'action': 'project_id', 'label': 'cc50dda1-f957-4eaa-af52-7c56c26f8853', 'context': [<snowplow_tracker.self_describing_json.SelfDescribingJson object at 0x7a6b60ec4350>]}
[0m05:26:39.589790 [info ] [MainThread]: Warning: No packages were found in packages.yml
[0m05:26:39.594303 [info ] [MainThread]: Warning: No packages were found in packages.yml
[0m05:26:39.596939 [debug] [MainThread]: Resource report: {"command_name": "deps", "command_success": true, "command_wall_clock_time": 1.7415755, "process_in_blocks": "8", "process_kernel_time": 0.270118, "process_mem_max_rss": "121036", "process_out_blocks": "16", "process_user_time": 4.918482}
[0m05:26:39.598442 [debug] [MainThread]: Command `cli deps` succeeded at 05:26:39.598014 after 1.74 seconds
[0m05:26:39.599236 [debug] [MainThread]: Sending event: {'category': 'dbt', 'action': 'invocation', 'label': 'end', 'context': [<snowplow_tracker.self_describing_json.SelfDescribingJson object at 0x7a6b5e2b6180>, <snowplow_tracker.self_describing_json.SelfDescribingJson object at 0x7a6b5e043080>, <snowplow_tracker.self_describing_json.SelfDescribingJson object at 0x7a6b5e043290>]}
[0m05:26:39.600017 [debug] [MainThread]: Flushing usage events
[0m05:26:40.082357 [debug] [MainThread]: An error was encountered while trying to flush usage events
[0m08:14:49.223893 [debug] [MainThread]: Sending event: {'category': 'dbt', 'action': 'invocation', 'label': 'start', 'context': [<snowplow_tracker.self_describing_json.SelfDescribingJson object at 0x71b313220bc0>, <snowplow_tracker.self_describing_json.SelfDescribingJson object at 0x71b3142be240>, <snowplow_tracker.self_describing_json.SelfDescribingJson object at 0x71b313221700>]}


============================== 08:14:49.260654 | 1492fbe6-1851-4d95-9486-e9544a2cc613 ==============================
[0m08:14:49.260654 [info ] [MainThread]: Running with dbt=1.11.7
[0m08:14:49.271151 [debug] [MainThread]: running dbt with arguments {'log_path': '/workspaces/Dagster-workshop/project-dagster-university/dagster_university/ai_driven_data_engineering/dbt_project/logs', 'use_experimental_parser': 'False', 'warn_error_options': 'WarnErrorOptionsV2(error=[], warn=[], silence=[])', 'version_check': 'True', 'no_print': 'None', 'use_colors': 'True', 'target_path': 'None', 'quiet': 'False', 'send_anonymous_usage_stats': 'True', 'log_cache_events': 'False', 'fail_fast': 'False', 'debug': 'False', 'warn_error': 'None', 'static_parser': 'True', 'indirect_selection': 'eager', 'log_format': 'default', 'invocation_command': 'dbt ', 'partial_parse': 'True', 'profiles_dir': '/workspaces/Dagster-workshop/project-dagster-university/dagster_university/ai_driven_data_engineering/dbt_project', 'cache_selected_only': 'False', 'introspect': 'True', 'empty': 'None', 'printer_width': '80', 'write_json': 'True'}
[0m08:14:50.196021 [debug] [MainThread]: Sending event: {'category': 'dbt', 'action': 'project_id', 'label': '1492fbe6-1851-4d95-9486-e9544a2cc613', 'context': [<snowplow_tracker.self_describing_json.SelfDescribingJson object at 0x71b312ac3a40>]}
[0m08:14:50.254073 [info ] [MainThread]: Warning: No packages were found in packages.yml
[0m08:14:50.273783 [info ] [MainThread]: Warning: No packages were found in packages.yml
[0m08:14:50.275524 [debug] [MainThread]: Resource report: {"command_name": "deps", "command_success": true, "command_wall_clock_time": 1.4711834, "process_in_blocks": "8", "process_kernel_time": 0.319998, "process_mem_max_rss": "121084", "process_out_blocks": "16", "process_user_time": 5.016219}
[0m08:14:50.286792 [debug] [MainThread]: Command `cli deps` succeeded at 08:14:50.286565 after 1.48 seconds
[0m08:14:50.287557 [debug] [MainThread]: Sending event: {'category': 'dbt', 'action': 'invocation', 'label': 'end', 'context': [<snowplow_tracker.self_describing_json.SelfDescribingJson object at 0x71b312c7b1d0>, <snowplow_tracker.self_describing_json.SelfDescribingJson object at 0x71b317664590>, <snowplow_tracker.self_describing_json.SelfDescribingJson object at 0x71b3124796d0>]}
[0m08:14:50.299648 [debug] [MainThread]: Flushing usage events
[0m08:14:50.959487 [debug] [MainThread]: An error was encountered while trying to flush usage events
[0m13:19:32.267756 [debug] [MainThread]: Sending event: {'category': 'dbt', 'action': 'invocation', 'label': 'start', 'context': [<snowplow_tracker.self_describing_json.SelfDescribingJson object at 0x7178a9c91f40>, <snowplow_tracker.self_describing_json.SelfDescribingJson object at 0x7178a7843da0>, <snowplow_tracker.self_describing_json.SelfDescribingJson object at 0x7178a76e2300>]}


============================== 13:19:32.326244 | 09575ec4-fe72-4c65-b835-e7eb1313aabd ==============================
[0m13:19:32.326244 [info ] [MainThread]: Running with dbt=1.11.7
[0m13:19:32.332101 [debug] [MainThread]: running dbt with arguments {'warn_error': 'None', 'cache_selected_only': 'False', 'warn_error_options': 'WarnErrorOptionsV2(error=[], warn=[], silence=[])', 'use_colors': 'True', 'invocation_command': 'dbt ', 'indirect_selection': 'eager', 'fail_fast': 'False', 'log_format': 'default', 'write_json': 'True', 'quiet': 'False', 'target_path': 'None', 'version_check': 'True', 'no_print': 'None', 'send_anonymous_usage_stats': 'True', 'debug': 'False', 'printer_width': '80', 'log_cache_events': 'False', 'introspect': 'True', 'empty': 'None', 'static_parser': 'True', 'log_path': '/workspaces/Dagster-workshop/project-dagster-university/dagster_university/ai_driven_data_engineering/dbt_project/logs', 'partial_parse': 'True', 'use_experimental_parser': 'False', 'profiles_dir': '/workspaces/Dagster-workshop/project-dagster-university/dagster_university/ai_driven_data_engineering/dbt_project'}
[0m13:19:33.415685 [debug] [MainThread]: Sending event: {'category': 'dbt', 'action': 'project_id', 'label': '09575ec4-fe72-4c65-b835-e7eb1313aabd', 'context': [<snowplow_tracker.self_describing_json.SelfDescribingJson object at 0x7178a9b57860>]}
[0m13:19:33.579418 [info ] [MainThread]: Warning: No packages were found in packages.yml
[0m13:19:33.591273 [info ] [MainThread]: Warning: No packages were found in packages.yml
[0m13:19:33.611412 [debug] [MainThread]: Resource report: {"command_name": "deps", "command_success": true, "command_wall_clock_time": 1.7940044, "process_in_blocks": "536", "process_kernel_time": 0.271123, "process_mem_max_rss": "120928", "process_out_blocks": "16", "process_user_time": 4.912286}
[0m13:19:33.620976 [debug] [MainThread]: Command `cli deps` succeeded at 13:19:33.620735 after 1.80 seconds
[0m13:19:33.621842 [debug] [MainThread]: Sending event: {'category': 'dbt', 'action': 'invocation', 'label': 'end', 'context': [<snowplow_tracker.self_describing_json.SelfDescribingJson object at 0x7178a78f3e60>, <snowplow_tracker.self_describing_json.SelfDescribingJson object at 0x7178a7a8d1c0>, <snowplow_tracker.self_describing_json.SelfDescribingJson object at 0x7178a6d0ac60>]}
[0m13:19:33.626747 [debug] [MainThread]: Flushing usage events
[0m13:19:34.306725 [debug] [MainThread]: An error was encountered while trying to flush usage events
[0m14:26:23.184808 [debug] [MainThread]: Sending event: {'category': 'dbt', 'action': 'invocation', 'label': 'start', 'context': [<snowplow_tracker.self_describing_json.SelfDescribingJson object at 0x7324c65838f0>, <snowplow_tracker.self_describing_json.SelfDescribingJson object at 0x7324c65b69c0>, <snowplow_tracker.self_describing_json.SelfDescribingJson object at 0x7324c68ac140>]}


============================== 14:26:23.208649 | 52ce6499-a5bf-49d2-8691-bcdafb96b0a6 ==============================
[0m14:26:23.208649 [info ] [MainThread]: Running with dbt=1.11.7
[0m14:26:23.225413 [debug] [MainThread]: running dbt with arguments {'fail_fast': 'False', 'warn_error_options': 'WarnErrorOptionsV2(error=[], warn=[], silence=[])', 'indirect_selection': 'eager', 'use_colors': 'True', 'log_format': 'default', 'target_path': 'None', 'warn_error': 'None', 'quiet': 'False', 'log_cache_events': 'False', 'version_check': 'True', 'use_experimental_parser': 'False', 'no_print': 'None', 'debug': 'False', 'invocation_command': 'dbt ', 'send_anonymous_usage_stats': 'True', 'profiles_dir': '/workspaces/Dagster-workshop/project-dagster-university/dagster_university/ai_driven_data_engineering/dbt_project', 'introspect': 'True', 'cache_selected_only': 'False', 'printer_width': '80', 'empty': 'None', 'static_parser': 'True', 'log_path': '/workspaces/Dagster-workshop/project-dagster-university/dagster_university/ai_driven_data_engineering/dbt_project/logs', 'write_json': 'True', 'partial_parse': 'True'}
[0m14:26:24.305518 [debug] [MainThread]: Sending event: {'category': 'dbt', 'action': 'project_id', 'label': '52ce6499-a5bf-49d2-8691-bcdafb96b0a6', 'context': [<snowplow_tracker.self_describing_json.SelfDescribingJson object at 0x7324c5e51c40>]}
[0m14:26:24.382645 [info ] [MainThread]: Warning: No packages were found in packages.yml
[0m14:26:24.394661 [info ] [MainThread]: Warning: No packages were found in packages.yml
[0m14:26:24.408206 [debug] [MainThread]: Resource report: {"command_name": "deps", "command_success": true, "command_wall_clock_time": 1.6596274, "process_in_blocks": "112", "process_kernel_time": 0.258022, "process_mem_max_rss": "120972", "process_out_blocks": "8", "process_user_time": 4.694258}
[0m14:26:24.410375 [debug] [MainThread]: Command `cli deps` succeeded at 14:26:24.410192 after 1.66 seconds
[0m14:26:24.417240 [debug] [MainThread]: Sending event: {'category': 'dbt', 'action': 'invocation', 'label': 'end', 'context': [<snowplow_tracker.self_describing_json.SelfDescribingJson object at 0x7324c7a3cad0>, <snowplow_tracker.self_describing_json.SelfDescribingJson object at 0x7324c5b9b680>, <snowplow_tracker.self_describing_json.SelfDescribingJson object at 0x7324c5b9b620>]}
[0m14:26:24.418120 [debug] [MainThread]: Flushing usage events
[0m14:26:25.022016 [debug] [MainThread]: An error was encountered while trying to flush usage events
[0m06:56:53.515290 [debug] [MainThread]: Sending event: {'category': 'dbt', 'action': 'invocation', 'label': 'start', 'context': [<snowplow_tracker.self_describing_json.SelfDescribingJson object at 0x7db7b6bb6d20>, <snowplow_tracker.self_describing_json.SelfDescribingJson object at 0x7db7b3f170e0>, <snowplow_tracker.self_describing_json.SelfDescribingJson object at 0x7db7b4870200>]}


============================== 06:56:53.544542 | 9626c121-6294-4870-9b2a-d8555375879c ==============================
[0m06:56:53.544542 [info ] [MainThread]: Running with dbt=1.11.7
[0m06:56:53.552219 [debug] [MainThread]: running dbt with arguments {'no_print': 'None', 'send_anonymous_usage_stats': 'True', 'warn_error': 'None', 'cache_selected_only': 'False', 'quiet': 'False', 'profiles_dir': '/workspaces/Dagster-workshop/project-dagster-university/dagster_university/ai_driven_data_engineering/dbt_project', 'use_experimental_parser': 'False', 'invocation_command': 'dbt ', 'log_format': 'default', 'introspect': 'True', 'use_colors': 'True', 'partial_parse': 'True', 'version_check': 'True', 'indirect_selection': 'eager', 'static_parser': 'True', 'warn_error_options': 'WarnErrorOptionsV2(error=[], warn=[], silence=[])', 'empty': 'None', 'fail_fast': 'False', 'target_path': 'None', 'printer_width': '80', 'debug': 'False', 'log_cache_events': 'False', 'write_json': 'True', 'log_path': '/workspaces/Dagster-workshop/project-dagster-university/dagster_university/ai_driven_data_engineering/dbt_project/logs'}
[0m06:56:54.382893 [debug] [MainThread]: Sending event: {'category': 'dbt', 'action': 'project_id', 'label': '9626c121-6294-4870-9b2a-d8555375879c', 'context': [<snowplow_tracker.self_describing_json.SelfDescribingJson object at 0x7db7b3da08f0>]}
[0m06:56:54.448748 [info ] [MainThread]: Warning: No packages were found in packages.yml
[0m06:56:54.482030 [info ] [MainThread]: Warning: No packages were found in packages.yml
[0m06:56:54.498757 [debug] [MainThread]: Resource report: {"command_name": "deps", "command_success": true, "command_wall_clock_time": 1.347735, "process_in_blocks": "4240", "process_kernel_time": 0.29258, "process_mem_max_rss": "120612", "process_out_blocks": "8", "process_user_time": 5.253777}
[0m06:56:54.503166 [debug] [MainThread]: Command `cli deps` succeeded at 06:56:54.502944 after 1.35 seconds
[0m06:56:54.504018 [debug] [MainThread]: Sending event: {'category': 'dbt', 'action': 'invocation', 'label': 'end', 'context': [<snowplow_tracker.self_describing_json.SelfDescribingJson object at 0x7db7b40c2120>, <snowplow_tracker.self_describing_json.SelfDescribingJson object at 0x7db7b40eb170>, <snowplow_tracker.self_describing_json.SelfDescribingJson object at 0x7db7b3d86ab0>]}
[0m06:56:54.507146 [debug] [MainThread]: Flushing usage events
[0m06:56:54.979685 [debug] [MainThread]: An error was encountered while trying to flush usage events
[0m07:47:53.343210 [debug] [MainThread]: Sending event: {'category': 'dbt', 'action': 'invocation', 'label': 'start', 'context': [<snowplow_tracker.self_describing_json.SelfDescribingJson object at 0x74ce1fb26c00>, <snowplow_tracker.self_describing_json.SelfDescribingJson object at 0x74ce1fcdc3b0>, <snowplow_tracker.self_describing_json.SelfDescribingJson object at 0x74ce20012840>]}


============================== 07:47:53.481319 | 014b47af-18fb-4dfc-abb9-6a4a2ee4d4fc ==============================
[0m07:47:53.481319 [info ] [MainThread]: Running with dbt=1.11.7
[0m07:47:53.492197 [debug] [MainThread]: running dbt with arguments {'log_path': '/workspaces/Dagster-workshop/project-dagster-university/dagster_university/ai_driven_data_engineering/dbt_project/logs', 'use_experimental_parser': 'False', 'invocation_command': 'dbt ', 'printer_width': '80', 'indirect_selection': 'eager', 'fail_fast': 'False', 'debug': 'False', 'log_format': 'default', 'no_print': 'None', 'static_parser': 'True', 'write_json': 'True', 'send_anonymous_usage_stats': 'True', 'target_path': 'None', 'use_colors': 'True', 'quiet': 'False', 'log_cache_events': 'False', 'introspect': 'True', 'version_check': 'True', 'partial_parse': 'True', 'empty': 'None', 'cache_selected_only': 'False', 'warn_error': 'None', 'profiles_dir': '/workspaces/Dagster-workshop/project-dagster-university/dagster_university/ai_driven_data_engineering/dbt_project', 'warn_error_options': 'WarnErrorOptionsV2(error=[], warn=[], silence=[])'}
[0m07:47:57.221578 [debug] [MainThread]: Sending event: {'category': 'dbt', 'action': 'project_id', 'label': '014b47af-18fb-4dfc-abb9-6a4a2ee4d4fc', 'context': [<snowplow_tracker.self_describing_json.SelfDescribingJson object at 0x74ce1f10e720>]}
[0m07:47:57.544578 [info ] [MainThread]: Warning: No packages were found in packages.yml
[0m07:47:57.567576 [info ] [MainThread]: Warning: No packages were found in packages.yml
[0m07:47:57.604572 [debug] [MainThread]: Resource report: {"command_name": "deps", "command_success": true, "command_wall_clock_time": 5.973365, "process_in_blocks": "5872", "process_kernel_time": 0.344555, "process_mem_max_rss": "120456", "process_out_blocks": "16", "process_user_time": 5.738791}
[0m07:47:57.626654 [debug] [MainThread]: Command `cli deps` succeeded at 07:47:57.605575 after 5.97 seconds
[0m07:47:57.631703 [debug] [MainThread]: Sending event: {'category': 'dbt', 'action': 'invocation', 'label': 'end', 'context': [<snowplow_tracker.self_describing_json.SelfDescribingJson object at 0x74ce202c6b10>, <snowplow_tracker.self_describing_json.SelfDescribingJson object at 0x74ce1f1eb350>, <snowplow_tracker.self_describing_json.SelfDescribingJson object at 0x74ce1f1a7a10>]}
[0m07:47:57.632688 [debug] [MainThread]: Flushing usage events
[0m07:47:58.727017 [debug] [MainThread]: An error was encountered while trying to flush usage events
[0m07:49:56.306179 [debug] [MainThread]: Sending event: {'category': 'dbt', 'action': 'invocation', 'label': 'start', 'context': [<snowplow_tracker.self_describing_json.SelfDescribingJson object at 0x73f39a605580>, <snowplow_tracker.self_describing_json.SelfDescribingJson object at 0x73f39ad3fc50>, <snowplow_tracker.self_describing_json.SelfDescribingJson object at 0x73f39a6054c0>]}


============================== 07:49:56.349689 | 4ea26eee-7b3d-47d3-99c1-85456e1e46c1 ==============================
[0m07:49:56.349689 [info ] [MainThread]: Running with dbt=1.11.7
[0m07:49:56.351387 [debug] [MainThread]: running dbt with arguments {'invocation_command': 'dbt ', 'introspect': 'True', 'warn_error_options': 'WarnErrorOptionsV2(error=[], warn=[], silence=[])', 'target_path': 'None', 'fail_fast': 'False', 'static_parser': 'True', 'profiles_dir': '/workspaces/Dagster-workshop/project-dagster-university/dagster_university/ai_driven_data_engineering/dbt_project', 'log_format': 'default', 'no_print': 'None', 'cache_selected_only': 'False', 'send_anonymous_usage_stats': 'True', 'log_cache_events': 'False', 'log_path': '/workspaces/Dagster-workshop/project-dagster-university/dagster_university/ai_driven_data_engineering/dbt_project/logs', 'warn_error': 'None', 'write_json': 'True', 'partial_parse': 'True', 'printer_width': '80', 'quiet': 'False', 'use_experimental_parser': 'False', 'version_check': 'True', 'use_colors': 'True', 'indirect_selection': 'eager', 'empty': 'None', 'debug': 'False'}
[0m07:49:57.800489 [debug] [MainThread]: Sending event: {'category': 'dbt', 'action': 'project_id', 'label': '4ea26eee-7b3d-47d3-99c1-85456e1e46c1', 'context': [<snowplow_tracker.self_describing_json.SelfDescribingJson object at 0x73f39ad185c0>]}
[0m07:49:57.888917 [info ] [MainThread]: Warning: No packages were found in packages.yml
[0m07:49:57.915480 [info ] [MainThread]: Warning: No packages were found in packages.yml
[0m07:49:57.942222 [debug] [MainThread]: Resource report: {"command_name": "deps", "command_success": true, "command_wall_clock_time": 2.1713953, "process_in_blocks": "1576", "process_kernel_time": 0.339189, "process_mem_max_rss": "120744", "process_out_blocks": "8", "process_user_time": 5.400285}
[0m07:49:57.973961 [debug] [MainThread]: Command `cli deps` succeeded at 07:49:57.973473 after 2.20 seconds
[0m07:49:57.975665 [debug] [MainThread]: Sending event: {'category': 'dbt', 'action': 'invocation', 'label': 'end', 'context': [<snowplow_tracker.self_describing_json.SelfDescribingJson object at 0x73f39a13dc40>, <snowplow_tracker.self_describing_json.SelfDescribingJson object at 0x73f399d7f260>, <snowplow_tracker.self_describing_json.SelfDescribingJson object at 0x73f399d7c980>]}
[0m07:49:57.976638 [debug] [MainThread]: Flushing usage events
[0m07:49:58.772170 [debug] [MainThread]: An error was encountered while trying to flush usage events
[0m07:51:40.937712 [debug] [MainThread]: Sending event: {'category': 'dbt', 'action': 'invocation', 'label': 'start', 'context': [<snowplow_tracker.self_describing_json.SelfDescribingJson object at 0x75ea73058470>, <snowplow_tracker.self_describing_json.SelfDescribingJson object at 0x75ea73bfa7e0>, <snowplow_tracker.self_describing_json.SelfDescribingJson object at 0x75ea72d3f350>]}


============================== 07:51:40.995090 | 12539194-0e33-43b1-93ff-a80a9a969c06 ==============================
[0m07:51:40.995090 [info ] [MainThread]: Running with dbt=1.11.7
[0m07:51:41.010270 [debug] [MainThread]: running dbt with arguments {'no_print': 'None', 'quiet': 'False', 'target_path': 'None', 'log_cache_events': 'False', 'debug': 'False', 'use_colors': 'True', 'use_experimental_parser': 'False', 'cache_selected_only': 'False', 'version_check': 'True', 'profiles_dir': '/workspaces/Dagster-workshop/project-dagster-university/dagster_university/ai_driven_data_engineering/dbt_project', 'invocation_command': 'dbt ', 'warn_error_options': 'WarnErrorOptionsV2(error=[], warn=[], silence=[])', 'introspect': 'True', 'log_format': 'default', 'send_anonymous_usage_stats': 'True', 'indirect_selection': 'eager', 'warn_error': 'None', 'log_path': '/workspaces/Dagster-workshop/project-dagster-university/dagster_university/ai_driven_data_engineering/dbt_project/logs', 'printer_width': '80', 'static_parser': 'True', 'empty': 'None', 'fail_fast': 'False', 'partial_parse': 'True', 'write_json': 'True'}
[0m07:51:42.985972 [debug] [MainThread]: Sending event: {'category': 'dbt', 'action': 'project_id', 'label': '12539194-0e33-43b1-93ff-a80a9a969c06', 'context': [<snowplow_tracker.self_describing_json.SelfDescribingJson object at 0x75ea74a18c80>]}
[0m07:51:43.174074 [info ] [MainThread]: Warning: No packages were found in packages.yml
[0m07:51:43.177707 [info ] [MainThread]: Warning: No packages were found in packages.yml
[0m07:51:43.208348 [debug] [MainThread]: Resource report: {"command_name": "deps", "command_success": true, "command_wall_clock_time": 3.1593032, "process_in_blocks": "112", "process_kernel_time": 0.264606, "process_mem_max_rss": "120632", "process_out_blocks": "8", "process_user_time": 5.337524}
[0m07:51:43.209598 [debug] [MainThread]: Command `cli deps` succeeded at 07:51:43.209393 after 3.16 seconds
[0m07:51:43.228564 [debug] [MainThread]: Sending event: {'category': 'dbt', 'action': 'invocation', 'label': 'end', 'context': [<snowplow_tracker.self_describing_json.SelfDescribingJson object at 0x75ea71ece750>, <snowplow_tracker.self_describing_json.SelfDescribingJson object at 0x75ea726d2f30>, <snowplow_tracker.self_describing_json.SelfDescribingJson object at 0x75ea71c15af0>]}
[0m07:51:43.235895 [debug] [MainThread]: Flushing usage events
[0m07:51:43.934145 [debug] [MainThread]: An error was encountered while trying to flush usage events
[0m09:06:18.265119 [debug] [MainThread]: Sending event: {'category': 'dbt', 'action': 'invocation', 'label': 'start', 'context': [<snowplow_tracker.self_describing_json.SelfDescribingJson object at 0x75713fe0ecf0>, <snowplow_tracker.self_describing_json.SelfDescribingJson object at 0x75713f75a210>, <snowplow_tracker.self_describing_json.SelfDescribingJson object at 0x75713f759910>]}


============================== 09:06:18.312696 | 1311dbbf-5108-4109-9fa8-aeba6eb443a9 ==============================
[0m09:06:18.312696 [info ] [MainThread]: Running with dbt=1.11.7
[0m09:06:18.317220 [debug] [MainThread]: running dbt with arguments {'log_path': '/workspaces/Dagster-workshop/project-dagster-university/dagster_university/ai_driven_data_engineering/dbt_project/logs', 'static_parser': 'True', 'debug': 'False', 'target_path': 'None', 'log_cache_events': 'False', 'no_print': 'None', 'warn_error': 'None', 'warn_error_options': 'WarnErrorOptionsV2(error=[], warn=[], silence=[])', 'introspect': 'True', 'version_check': 'True', 'empty': 'None', 'log_format': 'default', 'fail_fast': 'False', 'partial_parse': 'True', 'use_colors': 'True', 'cache_selected_only': 'False', 'indirect_selection': 'eager', 'profiles_dir': '/workspaces/Dagster-workshop/project-dagster-university/dagster_university/ai_driven_data_engineering/dbt_project', 'write_json': 'True', 'invocation_command': 'dbt ', 'quiet': 'False', 'send_anonymous_usage_stats': 'True', 'use_experimental_parser': 'False', 'printer_width': '80'}
[0m09:06:19.734197 [debug] [MainThread]: Sending event: {'category': 'dbt', 'action': 'project_id', 'label': '1311dbbf-5108-4109-9fa8-aeba6eb443a9', 'context': [<snowplow_tracker.self_describing_json.SelfDescribingJson object at 0x75713f75a210>]}
[0m09:06:19.866217 [info ] [MainThread]: Warning: No packages were found in packages.yml
[0m09:06:19.870305 [info ] [MainThread]: Warning: No packages were found in packages.yml
[0m09:06:19.883341 [debug] [MainThread]: Resource report: {"command_name": "deps", "command_success": true, "command_wall_clock_time": 2.0006914, "process_in_blocks": "2256", "process_kernel_time": 0.277724, "process_mem_max_rss": "120668", "process_out_blocks": "16", "process_user_time": 4.841722}
[0m09:06:19.884337 [debug] [MainThread]: Command `cli deps` succeeded at 09:06:19.884168 after 2.00 seconds
[0m09:06:19.888179 [debug] [MainThread]: Sending event: {'category': 'dbt', 'action': 'invocation', 'label': 'end', 'context': [<snowplow_tracker.self_describing_json.SelfDescribingJson object at 0x75713fc27a40>, <snowplow_tracker.self_describing_json.SelfDescribingJson object at 0x75713ed47380>, <snowplow_tracker.self_describing_json.SelfDescribingJson object at 0x75713ee03350>]}
[0m09:06:19.890998 [debug] [MainThread]: Flushing usage events
[0m09:06:20.439662 [debug] [MainThread]: An error was encountered while trying to flush usage events
